<?xml version="1.0" encoding="UTF-8"?>
<testsuite xmlns:xsi="http://www.w3.org/2001/XMLSchema-instance" xsi:schemaLocation="https://maven.apache.org/surefire/maven-surefire-plugin/xsd/surefire-test-report.xsd" name="Steps.RunTest" time="136.49" tests="61" errors="0" skipped="0" failures="0">
  <properties>
    <property name="java.runtime.name" value="Java(TM) SE Runtime Environment"/>
    <property name="sun.boot.library.path" value="/Library/Java/JavaVirtualMachines/jdk1.8.0_151.jdk/Contents/Home/jre/lib"/>
    <property name="java.vm.version" value="25.151-b12"/>
    <property name="gopherProxySet" value="false"/>
    <property name="java.vm.vendor" value="Oracle Corporation"/>
    <property name="maven.multiModuleProjectDirectory" value="/Users/maxwellnwajei/Documents/Automation/Rainbow"/>
    <property name="java.vendor.url" value="http://java.oracle.com/"/>
    <property name="path.separator" value=":"/>
    <property name="guice.disable.misplaced.annotation.check" value="true"/>
    <property name="java.vm.name" value="Java HotSpot(TM) 64-Bit Server VM"/>
    <property name="file.encoding.pkg" value="sun.io"/>
    <property name="user.country" value="GB"/>
    <property name="sun.java.launcher" value="SUN_STANDARD"/>
    <property name="sun.os.patch.level" value="unknown"/>
    <property name="java.vm.specification.name" value="Java Virtual Machine Specification"/>
    <property name="user.dir" value="/Users/maxwellnwajei/Documents/Automation/Rainbow"/>
    <property name="java.runtime.version" value="1.8.0_151-b12"/>
    <property name="java.awt.graphicsenv" value="sun.awt.CGraphicsEnvironment"/>
    <property name="java.endorsed.dirs" value="/Library/Java/JavaVirtualMachines/jdk1.8.0_151.jdk/Contents/Home/jre/lib/endorsed"/>
    <property name="os.arch" value="x86_64"/>
    <property name="java.io.tmpdir" value="/var/folders/cn/5h_65lv54kd43y3k6gzy4d8c0000gn/T/"/>
    <property name="line.separator" value="&#10;"/>
    <property name="java.vm.specification.vendor" value="Oracle Corporation"/>
    <property name="os.name" value="Mac OS X"/>
    <property name="classworlds.conf" value="/usr/local/apache-maven-3.5.2/bin/m2.conf"/>
    <property name="sun.jnu.encoding" value="UTF-8"/>
    <property name="java.library.path" value="/Users/maxwellnwajei/Library/Java/Extensions:/Library/Java/Extensions:/Network/Library/Java/Extensions:/System/Library/Java/Extensions:/usr/lib/java:."/>
    <property name="maven.conf" value="/usr/local/apache-maven-3.5.2/conf"/>
    <property name="java.specification.name" value="Java Platform API Specification"/>
    <property name="java.class.version" value="52.0"/>
    <property name="sun.management.compiler" value="HotSpot 64-Bit Tiered Compilers"/>
    <property name="os.version" value="10.12.6"/>
    <property name="library.jansi.path" value="/usr/local/apache-maven-3.5.2/lib/jansi-native"/>
    <property name="http.nonProxyHosts" value="local|*.local|169.254/16|*.169.254/16"/>
    <property name="user.home" value="/Users/maxwellnwajei"/>
    <property name="user.timezone" value="Europe/London"/>
    <property name="java.awt.printerjob" value="sun.lwawt.macosx.CPrinterJob"/>
    <property name="java.specification.version" value="1.8"/>
    <property name="file.encoding" value="UTF-8"/>
    <property name="user.name" value="maxwellnwajei"/>
    <property name="java.class.path" value="/usr/local/apache-maven-3.5.2/boot/plexus-classworlds-2.5.2.jar"/>
    <property name="java.vm.specification.version" value="1.8"/>
    <property name="sun.arch.data.model" value="64"/>
    <property name="java.home" value="/Library/Java/JavaVirtualMachines/jdk1.8.0_151.jdk/Contents/Home/jre"/>
    <property name="sun.java.command" value="org.codehaus.plexus.classworlds.launcher.Launcher clean test"/>
    <property name="java.specification.vendor" value="Oracle Corporation"/>
    <property name="user.language" value="en"/>
    <property name="awt.toolkit" value="sun.lwawt.macosx.LWCToolkit"/>
    <property name="java.vm.info" value="mixed mode"/>
    <property name="java.version" value="1.8.0_151"/>
    <property name="java.ext.dirs" value="/Users/maxwellnwajei/Library/Java/Extensions:/Library/Java/JavaVirtualMachines/jdk1.8.0_151.jdk/Contents/Home/jre/lib/ext:/Library/Java/Extensions:/Network/Library/Java/Extensions:/System/Library/Java/Extensions:/usr/lib/java"/>
    <property name="sun.boot.class.path" value="/Library/Java/JavaVirtualMachines/jdk1.8.0_151.jdk/Contents/Home/jre/lib/resources.jar:/Library/Java/JavaVirtualMachines/jdk1.8.0_151.jdk/Contents/Home/jre/lib/rt.jar:/Library/Java/JavaVirtualMachines/jdk1.8.0_151.jdk/Contents/Home/jre/lib/sunrsasign.jar:/Library/Java/JavaVirtualMachines/jdk1.8.0_151.jdk/Contents/Home/jre/lib/jsse.jar:/Library/Java/JavaVirtualMachines/jdk1.8.0_151.jdk/Contents/Home/jre/lib/jce.jar:/Library/Java/JavaVirtualMachines/jdk1.8.0_151.jdk/Contents/Home/jre/lib/charsets.jar:/Library/Java/JavaVirtualMachines/jdk1.8.0_151.jdk/Contents/Home/jre/lib/jfr.jar:/Library/Java/JavaVirtualMachines/jdk1.8.0_151.jdk/Contents/Home/jre/classes"/>
    <property name="java.vendor" value="Oracle Corporation"/>
    <property name="maven.home" value="/usr/local/apache-maven-3.5.2"/>
    <property name="file.separator" value="/"/>
    <property name="java.vendor.url.bug" value="http://bugreport.sun.com/bugreport/"/>
    <property name="sun.cpu.endian" value="little"/>
    <property name="sun.io.unicode.encoding" value="UnicodeBig"/>
    <property name="socksNonProxyHosts" value="local|*.local|169.254/16|*.169.254/16"/>
    <property name="ftp.nonProxyHosts" value="local|*.local|169.254/16|*.169.254/16"/>
    <property name="sun.cpu.isalist" value=""/>
  </properties>
  <testcase name="Given I am on the Homepage" classname="| maxtest227@gmail.com | Today1 |" time="0.002"/>
  <testcase name="And I click sigin button" classname="| maxtest227@gmail.com | Today1 |" time="0"/>
  <testcase name="When I enter email &quot;maxtest227@gmail.com&quot; details" classname="| maxtest227@gmail.com | Today1 |" time="0"/>
  <testcase name="And I enter password &quot;Today1&quot; details" classname="| maxtest227@gmail.com | Today1 |" time="0"/>
  <testcase name="And I click Signin button" classname="| maxtest227@gmail.com | Today1 |" time="0"/>
  <testcase name="Then I verify that I am logged in" classname="| maxtest227@gmail.com | Today1 |" time="0"/>
  <testcase name="And I log out successfully" classname="| maxtest227@gmail.com | Today1 |" time="0"/>
  <testcase name="| maxtest227@gmail.com | Today1 |" classname="| maxtest227@gmail.com | Today1 |" time="0.001"/>
  <testcase name="Given I am on the Homepage" classname="| maxtest964@gmail.com |  | Password is required. |" time="0"/>
  <testcase name="And I click sigin button" classname="| maxtest964@gmail.com |  | Password is required. |" time="0"/>
  <testcase name="When I enter email &quot;maxtest964@gmail.com&quot; details" classname="| maxtest964@gmail.com |  | Password is required. |" time="0"/>
  <testcase name="And I enter password &quot;&quot; details" classname="| maxtest964@gmail.com |  | Password is required. |" time="0"/>
  <testcase name="And I click Signin button" classname="| maxtest964@gmail.com |  | Password is required. |" time="0"/>
  <testcase name="Then I see an error &quot;Password is required.&quot; message details" classname="| maxtest964@gmail.com |  | Password is required. |" time="0"/>
  <testcase name="| maxtest964@gmail.com |  | Password is required. |" classname="| maxtest964@gmail.com |  | Password is required. |" time="0.001"/>
  <testcase name="Given I am on the Homepage" classname="|  | Today1 | An email address required. |" time="0"/>
  <testcase name="And I click sigin button" classname="|  | Today1 | An email address required. |" time="0"/>
  <testcase name="When I enter email &quot;&quot; details" classname="|  | Today1 | An email address required. |" time="0"/>
  <testcase name="And I enter password &quot;Today1&quot; details" classname="|  | Today1 | An email address required. |" time="0"/>
  <testcase name="And I click Signin button" classname="|  | Today1 | An email address required. |" time="0"/>
  <testcase name="Then I see an error &quot;An email address required.&quot; message details" classname="|  | Today1 | An email address required. |" time="0"/>
  <testcase name="|  | Today1 | An email address required. |" classname="|  | Today1 | An email address required. |" time="0"/>
  <testcase name="Given I am on the Homepage" classname="| maxtest964@gmail.com | xxxxxx | Authentication failed. |" time="0"/>
  <testcase name="And I click sigin button" classname="| maxtest964@gmail.com | xxxxxx | Authentication failed. |" time="0"/>
  <testcase name="When I enter email &quot;maxtest964@gmail.com&quot; details" classname="| maxtest964@gmail.com | xxxxxx | Authentication failed. |" time="0.001"/>
  <testcase name="And I enter password &quot;xxxxxx&quot; details" classname="| maxtest964@gmail.com | xxxxxx | Authentication failed. |" time="0"/>
  <testcase name="And I click Signin button" classname="| maxtest964@gmail.com | xxxxxx | Authentication failed. |" time="0"/>
  <testcase name="Then I see an error &quot;Authentication failed.&quot; message details" classname="| maxtest964@gmail.com | xxxxxx | Authentication failed. |" time="0"/>
  <testcase name="| maxtest964@gmail.com | xxxxxx | Authentication failed. |" classname="| maxtest964@gmail.com | xxxxxx | Authentication failed. |" time="0.001"/>
  <testcase name="Given I am on the Homepage" classname="| xxxxxxxxxx@gmail.com | Today1 | Authentication failed. |" time="0"/>
  <testcase name="And I click sigin button" classname="| xxxxxxxxxx@gmail.com | Today1 | Authentication failed. |" time="0.001"/>
  <testcase name="When I enter email &quot;xxxxxxxxxx@gmail.com&quot; details" classname="| xxxxxxxxxx@gmail.com | Today1 | Authentication failed. |" time="0"/>
  <testcase name="And I enter password &quot;Today1&quot; details" classname="| xxxxxxxxxx@gmail.com | Today1 | Authentication failed. |" time="0"/>
  <testcase name="And I click Signin button" classname="| xxxxxxxxxx@gmail.com | Today1 | Authentication failed. |" time="0"/>
  <testcase name="Then I see an error &quot;Authentication failed.&quot; message details" classname="| xxxxxxxxxx@gmail.com | Today1 | Authentication failed. |" time="0"/>
  <testcase name="| xxxxxxxxxx@gmail.com | Today1 | Authentication failed. |" classname="| xxxxxxxxxx@gmail.com | Today1 | Authentication failed. |" time="0"/>
  <testcase name="Given I am on the Homepage" classname="|  |  | An email address required. |" time="0"/>
  <testcase name="And I click sigin button" classname="|  |  | An email address required. |" time="0"/>
  <testcase name="When I enter email &quot;&quot; details" classname="|  |  | An email address required. |" time="0"/>
  <testcase name="And I enter password &quot;&quot; details" classname="|  |  | An email address required. |" time="0"/>
  <testcase name="And I click Signin button" classname="|  |  | An email address required. |" time="0"/>
  <testcase name="Then I see an error &quot;An email address required.&quot; message details" classname="|  |  | An email address required. |" time="0"/>
  <testcase name="|  |  | An email address required. |" classname="|  |  | An email address required. |" time="0"/>
  <testcase name="Given I am on the Homepage" classname="Scenario: As a new user I want to create an account" time="0"/>
  <testcase name="And I click sigin button" classname="Scenario: As a new user I want to create an account" time="0.001"/>
  <testcase name="And I enter email address in the address field" classname="Scenario: As a new user I want to create an account" time="0"/>
  <testcase name="And I click create new account button" classname="Scenario: As a new user I want to create an account" time="0"/>
  <testcase name="And I click male gender" classname="Scenario: As a new user I want to create an account" time="0"/>
  <testcase name="And I enter first name &quot;Mike&quot;" classname="Scenario: As a new user I want to create an account" time="0"/>
  <testcase name="And I enter last name &quot;Smith&quot;" classname="Scenario: As a new user I want to create an account" time="0"/>
  <testcase name="And I check that email address in pre-populated" classname="Scenario: As a new user I want to create an account" time="0"/>
  <testcase name="And I enter password &quot;Today01&quot;" classname="Scenario: As a new user I want to create an account" time="0"/>
  <testcase name="And I enter DOB Day &quot;1&quot; Month &quot;July&quot; Year &quot;1986&quot;" classname="Scenario: As a new user I want to create an account" time="0"/>
  <testcase name="And I enter Address details &quot;Max Ltd&quot; address &quot;1&quot; line &quot;Park Road&quot; city &quot;Chicago&quot; state &quot;Illinois&quot; zip &quot;24378&quot; country &quot;United States&quot;" classname="Scenario: As a new user I want to create an account" time="0"/>
  <testcase name="And I enter Additional Information &quot;This is just a test&quot;" classname="Scenario: As a new user I want to create an account" time="0"/>
  <testcase name="And I enter Home Phone number &quot;0207 8876 920&quot;" classname="Scenario: As a new user I want to create an account" time="0"/>
  <testcase name="And I enter Mobile Phone number &quot;0794 8769 251&quot;" classname="Scenario: As a new user I want to create an account" time="0"/>
  <testcase name="When I click the Register button" classname="Scenario: As a new user I want to create an account" time="0"/>
  <testcase name="Then I am registered and logged in automatically" classname="Scenario: As a new user I want to create an account" time="0"/>
  <testcase name="And I log out successfully" classname="Scenario: As a new user I want to create an account" time="0"/>
  <testcase name="Scenario: As a new user I want to create an account" classname="Scenario: As a new user I want to create an account" time="0.001"/>
</testsuite>